<?xml version="1.0" encoding="UTF-8"?>
<coverage generated="1690983378715" clover="3.2.0">
  <project timestamp="1690983378715" name="All files">
    <metrics statements="7" coveredstatements="7" conditionals="4" coveredconditionals="4" methods="1" coveredmethods="1" elements="12" coveredelements="12" complexity="0" loc="7" ncloc="7" packages="1" files="1" classes="1"/>
    <file name="obscure_credit_card.js" path="/Users/tishadifresco/Desktop/unit_testing_assignment/obscure_credit_card.js">
      <metrics statements="7" coveredstatements="7" conditionals="4" coveredconditionals="4" methods="1" coveredmethods="1"/>
      <line num="12" count="8" type="stmt"/>
      <line num="14" count="8" type="cond" truecount="4" falsecount="0"/>
      <line num="15" count="3" type="stmt"/>
      <line num="17" count="5" type="stmt"/>
      <line num="18" count="5" type="stmt"/>
      <line num="19" count="5" type="stmt"/>
      <line num="22" count="1" type="stmt"/>
    </file>
  </project>
</coverage>
