{"/Users/tishadifresco/Desktop/unit_testing_assignment/obscure_credit_card.js": {"path":"/Users/tishadifresco/Desktop/unit_testing_assignment/obscure_credit_card.js","statementMap":{"0":{"start":{"line":12,"column":30},"end":{"line":12,"column":63}},"1":{"start":{"line":14,"column":4},"end":{"line":16,"column":5}},"2":{"start":{"line":15,"column":8},"end":{"line":15,"column":37}},"3":{"start":{"line":17,"column":27},"end":{"line":17,"column":77}},"4":{"start":{"line":18,"column":27},"end":{"line":18,"column":54}},"5":{"start":{"line":19,"column":4},"end":{"line":19,"column":43}},"6":{"start":{"line":22,"column":0},"end":{"line":22,"column":37}}},"fnMap":{"0":{"name":"obscure_credit_card","decl":{"start":{"line":10,"column":9},"end":{"line":10,"column":28}},"loc":{"start":{"line":10,"column":42},"end":{"line":20,"column":1}},"line":10}},"branchMap":{"0":{"loc":{"start":{"line":14,"column":4},"end":{"line":16,"column":5}},"type":"if","locations":[{"start":{"line":14,"column":4},"end":{"line":16,"column":5}},{"start":{},"end":{}}],"line":14},"1":{"loc":{"start":{"line":14,"column":10},"end":{"line":14,"column":74}},"type":"binary-expr","locations":[{"start":{"line":14,"column":10},"end":{"line":14,"column":40}},{"start":{"line":14,"column":44},"end":{"line":14,"column":74}}],"line":14}},"s":{"0":8,"1":8,"2":3,"3":5,"4":5,"5":5,"6":1},"f":{"0":8},"b":{"0":[3,5],"1":[8,7]},"_coverageSchema":"1a1c01bbd47fc00a2c39e90264f33305004495a9","hash":"8eef99e133b55cba1f019a86129021a1503779f1"}
}
